SF:lib/models/league.dart
DA:34,1
DA:49,2
DA:51,2
DA:53,0
DA:54,0
DA:55,0
DA:56,0
DA:57,0
DA:61,1
DA:62,1
DA:63,1
DA:67,1
DA:81,1
DA:82,1
DA:83,1
DA:84,1
DA:85,1
DA:86,1
DA:87,1
DA:88,1
DA:89,1
DA:90,1
DA:91,1
DA:92,1
DA:93,1
DA:97,1
DA:98,3
DA:99,3
DA:100,2
DA:101,2
DA:102,2
DA:105,1
DA:106,2
DA:109,1
DA:110,2
DA:113,1
DA:115,5
DA:116,3
DA:119,1
DA:122,1
DA:123,3
DA:124,3
DA:125,3
DA:126,3
DA:127,3
DA:128,3
DA:129,3
DA:130,3
DA:131,3
DA:133,1
DA:135,3
DA:136,3
DA:137,3
DA:138,3
DA:139,3
DA:140,3
DA:141,3
DA:142,2
DA:147,7
DA:149,2
DA:151,2
DA:152,2
DA:153,1
DA:154,1
DA:155,1
DA:156,1
DA:158,2
DA:161,2
DA:163,2
LF:69
LH:64
end_of_record
SF:lib/models/league.g.dart
DA:9,2
DA:10,1
DA:11,1
DA:12,1
DA:13,2
DA:14,2
DA:15,2
DA:16,2
DA:17,1
DA:18,2
DA:19,2
DA:20,1
DA:21,1
DA:24,2
DA:25,1
DA:26,1
DA:27,1
DA:28,2
DA:29,2
DA:30,1
DA:31,1
DA:32,1
DA:33,1
DA:34,1
DA:35,2
DA:36,2
LF:26
LH:26
end_of_record
SF:lib/models/team.dart
DA:32,1
DA:48,2
DA:50,2
DA:52,0
DA:53,0
DA:54,0
DA:55,0
DA:56,0
DA:60,0
DA:61,0
DA:62,0
DA:66,1
DA:81,1
DA:82,1
DA:83,1
DA:84,1
DA:85,1
DA:86,1
DA:87,2
DA:88,2
DA:89,1
DA:90,1
DA:91,1
DA:92,1
DA:93,1
DA:94,1
DA:98,1
DA:99,3
DA:100,3
DA:101,3
DA:102,3
DA:103,3
DA:104,2
DA:105,2
DA:108,1
DA:109,3
DA:112,1
DA:113,3
DA:116,1
DA:117,4
DA:120,1
DA:121,3
DA:122,3
DA:125,4
DA:127,3
DA:129,3
DA:131,3
DA:133,1
DA:134,1
DA:135,2
DA:136,4
DA:137,1
DA:141,1
DA:142,1
DA:143,2
DA:144,5
DA:145,1
DA:149,1
DA:150,1
DA:151,2
DA:152,1
DA:156,0
DA:158,0
DA:159,0
DA:160,0
DA:163,0
DA:166,0
DA:167,0
DA:168,0
DA:169,0
DA:170,0
DA:171,0
DA:173,0
DA:175,0
DA:176,0
DA:177,0
DA:178,0
DA:197,1
DA:207,0
DA:208,0
DA:210,0
DA:212,0
DA:213,0
DA:214,0
DA:217,0
DA:219,1
DA:228,1
DA:229,1
DA:230,1
DA:231,1
DA:232,1
DA:233,1
DA:234,1
DA:235,1
DA:239,1
DA:240,2
DA:243,1
DA:244,3
DA:247,1
DA:248,1
DA:249,2
DA:250,1
DA:254,1
DA:255,1
DA:256,2
DA:257,1
DA:261,0
DA:263,0
DA:264,0
DA:265,0
DA:277,2
DA:283,1
DA:287,1
DA:288,1
DA:290,2
DA:292,1
DA:293,1
DA:299,1
DA:300,1
DA:302,1
DA:307,0
DA:309,0
DA:324,1
DA:332,1
DA:333,1
DA:335,2
DA:337,0
DA:338,0
DA:339,0
DA:340,0
DA:341,0
DA:345,1
DA:346,1
DA:347,1
DA:351,0
DA:353,0
DA:354,0
DA:355,0
LF:138
LH:92
end_of_record
SF:lib/models/team.g.dart
DA:9,2
DA:10,1
DA:11,1
DA:12,1
DA:13,1
DA:14,4
DA:15,4
DA:16,2
DA:17,2
DA:18,2
DA:19,2
DA:20,2
DA:21,2
DA:22,1
DA:25,2
DA:26,1
DA:27,1
DA:28,1
DA:29,1
DA:30,1
DA:31,1
DA:32,1
DA:33,1
DA:34,1
DA:35,1
DA:36,1
DA:37,2
DA:38,2
DA:41,0
DA:42,0
DA:43,0
DA:44,0
DA:45,0
DA:46,0
DA:47,0
DA:48,0
DA:49,0
DA:52,0
DA:53,0
DA:54,0
DA:55,0
DA:56,0
DA:57,0
DA:58,0
DA:59,0
DA:60,0
DA:63,2
DA:64,2
DA:65,1
DA:66,1
DA:69,1
DA:70,1
DA:71,2
DA:72,1
DA:73,1
DA:82,1
DA:83,1
DA:84,1
DA:85,1
DA:86,1
DA:87,1
DA:88,2
DA:91,1
DA:92,1
DA:93,1
DA:94,1
DA:95,1
DA:96,1
DA:97,2
LF:69
LH:51
end_of_record
